<?xml version="1.0" encoding="UTF-8"?>
<!-- Generated by org.testng.reporters.JUnitXMLReporter -->
<testsuite hostname="DESKTOP-QDUI9UU" name="ValidateTitle" tests="2" failures="2" timestamp="2 Oct 2020 00:52:53 GMT" time="53.229" errors="0">
  <testcase name="pagenavigation" time="3.022" classname="AcademicProject.ValidateTitle">
    <failure type="junit.framework.ComparisonFailure" message="expected:&amp;lt;... COUR...&amp;gt; but was:&amp;lt;...112121 COUR232...&amp;gt;">
      <![CDATA[junit.framework.ComparisonFailure: expected:<... COUR...> but was:<...112121 COUR232...>
	at junit.framework.Assert.assertEquals(Assert.java:81)
	at junit.framework.Assert.assertEquals(Assert.java:87)
	at AcademicProject.ValidateTitle.pagenavigation(ValidateTitle.java:38)
	at java.util.concurrent.FutureTask.run(Unknown Source)
	at java.util.concurrent.ThreadPoolExecutor.runWorker(Unknown Source)
	at java.util.concurrent.ThreadPoolExecutor$Worker.run(Unknown Source)
	at java.lang.Thread.run(Unknown Source)
... Removed 16 stack frames]]>
    </failure>
  </testcase> <!-- pagenavigation -->
  <testcase name="pagenavigation" time="3.348" classname="AcademicProject.ValidateTitle">
    <failure type="java.lang.NoSuchMethodError" message="AcademicProject.Listeners.getscreenshot(Ljava/lang/String;Lorg/openqa/selenium/WebDriver;)V">
      <![CDATA[java.lang.NoSuchMethodError: AcademicProject.Listeners.getscreenshot(Ljava/lang/String;Lorg/openqa/selenium/WebDriver;)V
	at AcademicProject.Listeners.onTestFailure(Listeners.java:49)
	at java.util.concurrent.FutureTask.run(Unknown Source)
	at java.util.concurrent.ThreadPoolExecutor.runWorker(Unknown Source)
	at java.util.concurrent.ThreadPoolExecutor$Worker.run(Unknown Source)
	at java.lang.Thread.run(Unknown Source)
... Removed 13 stack frames]]>
    </failure>
  </testcase> <!-- pagenavigation -->
</testsuite> <!-- ValidateTitle -->
